<?xml version="1.0" encoding="UTF-8"?>
<testsuite name="com.sun.task_manager.TaskMaangerApplicationTests" tests="1" skipped="0" failures="0" errors="0" timestamp="2026-06-27T17:11:43.281Z" hostname="Poomisons-Laptop-2.local" time="0.777">
  <properties/>
  <testcase name="contextLoads()" classname="com.sun.task_manager.TaskMaangerApplicationTests" time="0.299"/>
  <system-out><![CDATA[00:11:43.330 [Test worker] INFO org.springframework.test.context.support.AnnotationConfigContextLoaderUtils -- Could not detect default configuration classes for test class [com.sun.task_manager.TaskMaangerApplicationTests]: TaskMaangerApplicationTests does not declare any static, non-private, non-final, nested classes annotated with @Configuration.
00:11:43.361 [Test worker] INFO org.springframework.boot.test.context.SpringBootTestContextBootstrapper -- Found @SpringBootConfiguration com.sun.task_manager.TaskMaangerApplication for test class com.sun.task_manager.TaskMaangerApplicationTests
00:11:43.387 [Test worker] INFO org.springframework.test.context.support.AnnotationConfigContextLoaderUtils -- Could not detect default configuration classes for test class [com.sun.task_manager.TaskMaangerApplicationTests]: TaskMaangerApplicationTests does not declare any static, non-private, non-final, nested classes annotated with @Configuration.
00:11:43.387 [Test worker] INFO org.springframework.boot.test.context.SpringBootTestContextBootstrapper -- Found @SpringBootConfiguration com.sun.task_manager.TaskMaangerApplication for test class com.sun.task_manager.TaskMaangerApplicationTests

  .   ____          _            __ _ _
 /\\ / ___'_ __ _ _(_)_ __  __ _ \ \ \ \
( ( )\___ | '_ | '_| | '_ \/ _` | \ \ \ \
 \\/  ___)| |_)| | | | | || (_| |  ) ) ) )
  '  |____| .__|_| |_|_| |_\__, | / / / /
 =========|_|==============|___/=/_/_/_/

 :: Spring Boot ::                (v4.1.0)

2026-06-28T00:11:43.476+07:00  INFO 46809 --- [task_maanger] [    Test worker] c.s.t.TaskMaangerApplicationTests        : Starting TaskMaangerApplicationTests using Java 21.0.5 with PID 46809 (started by sunn in /Users/sunn/Desktop/Github Repos/task_manager_spring_boot)
2026-06-28T00:11:43.476+07:00  INFO 46809 --- [task_maanger] [    Test worker] c.s.t.TaskMaangerApplicationTests        : No active profile set, falling back to 1 default profile: "default"
2026-06-28T00:11:43.755+07:00  INFO 46809 --- [task_maanger] [    Test worker] c.s.t.TaskMaangerApplicationTests        : Started TaskMaangerApplicationTests in 0.348 seconds (process running for 0.754)
]]></system-out>
  <system-err><![CDATA[Mockito is currently self-attaching to enable the inline-mock-maker. This will no longer work in future releases of the JDK. Please add Mockito as an agent to your build as described in Mockito's documentation: https://javadoc.io/doc/org.mockito/mockito-core/latest/org.mockito/org/mockito/Mockito.html#0.3
WARNING: A Java agent has been loaded dynamically (/Users/sunn/.gradle/caches/modules-2/files-2.1/net.bytebuddy/byte-buddy-agent/1.18.10/9426d28828bdcdf42666bb7a68c468279ea78f59/byte-buddy-agent-1.18.10.jar)
WARNING: If a serviceability tool is in use, please run with -XX:+EnableDynamicAgentLoading to hide this warning
WARNING: If a serviceability tool is not in use, please run with -Djdk.instrument.traceUsage for more information
WARNING: Dynamic loading of agents will be disallowed by default in a future release
]]></system-err>
</testsuite>
